<?xml version="1.0" ?>
<coverage version="6.3.2" timestamp="1649597364975" lines-valid="605" lines-covered="214" line-rate="0.3537" branches-covered="0" branches-valid="0" branch-rate="0" complexity="0">
	<!-- Generated by coverage.py: https://coverage.readthedocs.io -->
	<!-- Based on https://raw.githubusercontent.com/cobertura/web/master/htdocs/xml/coverage-04.dtd -->
	<sources>
		<source>/home/djanloo/Desktop/IBM/valerio_amico_quantum_00/final_commit/lib</source>
	</sources>
	<packages>
		<package name="." line-rate="0.3537" branch-rate="0" complexity="0">
			<classes>
				<class name="__init__.py" filename="__init__.py" complexity="0" line-rate="1" branch-rate="0">
					<methods/>
					<lines/>
				</class>
				<class name="functions0.py" filename="functions0.py" complexity="0" line-rate="0.3193" branch-rate="0">
					<methods/>
					<lines>
						<line number="1" hits="1"/>
						<line number="2" hits="1"/>
						<line number="3" hits="1"/>
						<line number="4" hits="1"/>
						<line number="5" hits="1"/>
						<line number="6" hits="1"/>
						<line number="7" hits="1"/>
						<line number="14" hits="1"/>
						<line number="15" hits="1"/>
						<line number="16" hits="1"/>
						<line number="17" hits="1"/>
						<line number="19" hits="1"/>
						<line number="20" hits="1"/>
						<line number="21" hits="1"/>
						<line number="22" hits="1"/>
						<line number="27" hits="1"/>
						<line number="28" hits="1"/>
						<line number="31" hits="1"/>
						<line number="32" hits="1"/>
						<line number="34" hits="1"/>
						<line number="36" hits="0"/>
						<line number="38" hits="1"/>
						<line number="40" hits="0"/>
						<line number="42" hits="1"/>
						<line number="60" hits="1"/>
						<line number="61" hits="0"/>
						<line number="62" hits="0"/>
						<line number="64" hits="0"/>
						<line number="65" hits="0"/>
						<line number="66" hits="0"/>
						<line number="67" hits="0"/>
						<line number="68" hits="0"/>
						<line number="69" hits="0"/>
						<line number="71" hits="1"/>
						<line number="73" hits="1"/>
						<line number="74" hits="1"/>
						<line number="76" hits="1"/>
						<line number="77" hits="1"/>
						<line number="78" hits="1"/>
						<line number="79" hits="1"/>
						<line number="80" hits="1"/>
						<line number="81" hits="1"/>
						<line number="82" hits="1"/>
						<line number="84" hits="1"/>
						<line number="86" hits="1"/>
						<line number="107" hits="1"/>
						<line number="108" hits="0"/>
						<line number="109" hits="0"/>
						<line number="111" hits="0"/>
						<line number="112" hits="0"/>
						<line number="113" hits="0"/>
						<line number="114" hits="0"/>
						<line number="115" hits="0"/>
						<line number="116" hits="0"/>
						<line number="118" hits="0"/>
						<line number="120" hits="1"/>
						<line number="122" hits="1"/>
						<line number="123" hits="1"/>
						<line number="125" hits="1"/>
						<line number="126" hits="1"/>
						<line number="127" hits="1"/>
						<line number="128" hits="1"/>
						<line number="129" hits="1"/>
						<line number="130" hits="1"/>
						<line number="131" hits="1"/>
						<line number="133" hits="1"/>
						<line number="135" hits="1"/>
						<line number="141" hits="1"/>
						<line number="163" hits="0"/>
						<line number="165" hits="0"/>
						<line number="168" hits="0"/>
						<line number="173" hits="0"/>
						<line number="178" hits="0"/>
						<line number="179" hits="0"/>
						<line number="182" hits="0"/>
						<line number="183" hits="0"/>
						<line number="186" hits="0"/>
						<line number="188" hits="0"/>
						<line number="189" hits="0"/>
						<line number="190" hits="0"/>
						<line number="191" hits="0"/>
						<line number="192" hits="0"/>
						<line number="194" hits="0"/>
						<line number="195" hits="0"/>
						<line number="197" hits="0"/>
						<line number="200" hits="1"/>
						<line number="237" hits="1"/>
						<line number="239" hits="0"/>
						<line number="240" hits="0"/>
						<line number="241" hits="0"/>
						<line number="242" hits="0"/>
						<line number="243" hits="0"/>
						<line number="244" hits="0"/>
						<line number="246" hits="0"/>
						<line number="247" hits="0"/>
						<line number="248" hits="0"/>
						<line number="249" hits="0"/>
						<line number="251" hits="0"/>
						<line number="253" hits="0"/>
						<line number="254" hits="0"/>
						<line number="255" hits="0"/>
						<line number="256" hits="0"/>
						<line number="258" hits="0"/>
						<line number="259" hits="0"/>
						<line number="260" hits="0"/>
						<line number="261" hits="0"/>
						<line number="263" hits="0"/>
						<line number="265" hits="0"/>
						<line number="266" hits="0"/>
						<line number="267" hits="0"/>
						<line number="268" hits="0"/>
						<line number="270" hits="0"/>
						<line number="271" hits="0"/>
						<line number="272" hits="0"/>
						<line number="274" hits="0"/>
						<line number="276" hits="0"/>
						<line number="277" hits="0"/>
						<line number="278" hits="0"/>
						<line number="279" hits="0"/>
						<line number="281" hits="0"/>
						<line number="282" hits="0"/>
						<line number="283" hits="0"/>
						<line number="284" hits="0"/>
						<line number="286" hits="0"/>
						<line number="288" hits="0"/>
						<line number="290" hits="0"/>
						<line number="291" hits="0"/>
						<line number="292" hits="0"/>
						<line number="293" hits="0"/>
						<line number="295" hits="0"/>
						<line number="296" hits="0"/>
						<line number="297" hits="0"/>
						<line number="298" hits="0"/>
						<line number="299" hits="0"/>
						<line number="300" hits="0"/>
						<line number="301" hits="0"/>
						<line number="302" hits="0"/>
						<line number="303" hits="0"/>
						<line number="305" hits="0"/>
						<line number="307" hits="1"/>
						<line number="308" hits="1"/>
						<line number="309" hits="1"/>
						<line number="311" hits="1"/>
						<line number="312" hits="1"/>
						<line number="313" hits="1"/>
						<line number="314" hits="1"/>
						<line number="315" hits="1"/>
						<line number="316" hits="1"/>
						<line number="317" hits="1"/>
						<line number="318" hits="1"/>
						<line number="319" hits="1"/>
						<line number="320" hits="1"/>
						<line number="322" hits="1"/>
						<line number="323" hits="1"/>
						<line number="324" hits="1"/>
						<line number="325" hits="1"/>
						<line number="326" hits="1"/>
						<line number="327" hits="1"/>
						<line number="328" hits="1"/>
						<line number="329" hits="1"/>
						<line number="330" hits="1"/>
						<line number="331" hits="1"/>
						<line number="332" hits="1"/>
						<line number="333" hits="1"/>
						<line number="334" hits="1"/>
						<line number="335" hits="1"/>
						<line number="336" hits="1"/>
						<line number="337" hits="1"/>
						<line number="338" hits="1"/>
						<line number="340" hits="1"/>
						<line number="341" hits="1"/>
						<line number="342" hits="1"/>
						<line number="343" hits="1"/>
						<line number="344" hits="1"/>
						<line number="345" hits="1"/>
						<line number="347" hits="1"/>
						<line number="349" hits="0"/>
						<line number="351" hits="0"/>
						<line number="352" hits="0"/>
						<line number="353" hits="0"/>
						<line number="354" hits="0"/>
						<line number="355" hits="0"/>
						<line number="356" hits="0"/>
						<line number="357" hits="0"/>
						<line number="358" hits="0"/>
						<line number="359" hits="0"/>
						<line number="360" hits="0"/>
						<line number="361" hits="0"/>
						<line number="362" hits="0"/>
						<line number="363" hits="0"/>
						<line number="364" hits="0"/>
						<line number="365" hits="0"/>
						<line number="366" hits="0"/>
						<line number="367" hits="0"/>
						<line number="368" hits="0"/>
						<line number="369" hits="0"/>
						<line number="370" hits="0"/>
						<line number="371" hits="0"/>
						<line number="372" hits="0"/>
						<line number="373" hits="0"/>
						<line number="374" hits="0"/>
						<line number="375" hits="0"/>
						<line number="376" hits="0"/>
						<line number="377" hits="0"/>
						<line number="378" hits="0"/>
						<line number="379" hits="0"/>
						<line number="380" hits="0"/>
						<line number="381" hits="0"/>
						<line number="382" hits="0"/>
						<line number="383" hits="0"/>
						<line number="384" hits="0"/>
						<line number="385" hits="0"/>
						<line number="386" hits="0"/>
						<line number="387" hits="0"/>
						<line number="388" hits="0"/>
						<line number="389" hits="0"/>
						<line number="390" hits="0"/>
						<line number="391" hits="0"/>
						<line number="392" hits="0"/>
						<line number="393" hits="0"/>
						<line number="394" hits="0"/>
						<line number="395" hits="0"/>
						<line number="396" hits="0"/>
						<line number="397" hits="0"/>
						<line number="398" hits="0"/>
						<line number="399" hits="0"/>
						<line number="400" hits="0"/>
						<line number="401" hits="0"/>
						<line number="402" hits="0"/>
						<line number="403" hits="0"/>
						<line number="404" hits="0"/>
						<line number="405" hits="0"/>
						<line number="406" hits="0"/>
						<line number="408" hits="0"/>
						<line number="414" hits="0"/>
						<line number="417" hits="1"/>
						<line number="424" hits="1"/>
						<line number="426" hits="1"/>
						<line number="427" hits="1"/>
						<line number="428" hits="1"/>
						<line number="430" hits="1"/>
						<line number="431" hits="1"/>
						<line number="433" hits="1"/>
						<line number="435" hits="1"/>
						<line number="436" hits="1"/>
						<line number="437" hits="1"/>
						<line number="441" hits="1"/>
						<line number="442" hits="1"/>
						<line number="443" hits="1"/>
						<line number="447" hits="1"/>
						<line number="448" hits="1"/>
						<line number="449" hits="1"/>
						<line number="450" hits="1"/>
						<line number="451" hits="1"/>
						<line number="452" hits="1"/>
						<line number="453" hits="1"/>
						<line number="454" hits="1"/>
						<line number="456" hits="1"/>
						<line number="458" hits="1"/>
						<line number="461" hits="1"/>
						<line number="462" hits="1"/>
						<line number="463" hits="1"/>
						<line number="464" hits="1"/>
						<line number="465" hits="1"/>
						<line number="467" hits="1"/>
						<line number="468" hits="1"/>
						<line number="470" hits="1"/>
						<line number="471" hits="0"/>
						<line number="474" hits="1"/>
						<line number="475" hits="1"/>
						<line number="482" hits="1"/>
						<line number="483" hits="1"/>
						<line number="484" hits="1"/>
						<line number="485" hits="1"/>
						<line number="486" hits="1"/>
						<line number="488" hits="1"/>
						<line number="489" hits="1"/>
						<line number="491" hits="1"/>
						<line number="492" hits="1"/>
						<line number="494" hits="1"/>
						<line number="495" hits="1"/>
						<line number="496" hits="1"/>
						<line number="497" hits="1"/>
						<line number="498" hits="1"/>
						<line number="500" hits="1"/>
						<line number="501" hits="1"/>
						<line number="503" hits="1"/>
						<line number="506" hits="1"/>
						<line number="525" hits="0"/>
						<line number="526" hits="0"/>
						<line number="527" hits="0"/>
						<line number="528" hits="0"/>
						<line number="531" hits="0"/>
						<line number="532" hits="0"/>
						<line number="533" hits="0"/>
						<line number="534" hits="0"/>
						<line number="535" hits="0"/>
						<line number="536" hits="0"/>
						<line number="537" hits="0"/>
						<line number="538" hits="0"/>
						<line number="540" hits="0"/>
						<line number="542" hits="0"/>
						<line number="543" hits="0"/>
						<line number="544" hits="0"/>
						<line number="546" hits="0"/>
						<line number="549" hits="0"/>
						<line number="552" hits="0"/>
						<line number="554" hits="0"/>
						<line number="557" hits="0"/>
						<line number="560" hits="0"/>
						<line number="562" hits="0"/>
						<line number="563" hits="0"/>
						<line number="564" hits="0"/>
						<line number="565" hits="0"/>
						<line number="566" hits="0"/>
						<line number="567" hits="0"/>
						<line number="568" hits="0"/>
						<line number="570" hits="0"/>
						<line number="571" hits="0"/>
						<line number="573" hits="0"/>
						<line number="575" hits="0"/>
						<line number="576" hits="0"/>
						<line number="577" hits="0"/>
						<line number="578" hits="0"/>
						<line number="579" hits="0"/>
						<line number="581" hits="0"/>
						<line number="585" hits="0"/>
						<line number="586" hits="0"/>
						<line number="587" hits="0"/>
						<line number="588" hits="0"/>
						<line number="590" hits="0"/>
						<line number="591" hits="0"/>
						<line number="592" hits="0"/>
						<line number="593" hits="0"/>
						<line number="594" hits="0"/>
						<line number="595" hits="0"/>
						<line number="596" hits="0"/>
						<line number="598" hits="0"/>
						<line number="599" hits="0"/>
						<line number="601" hits="0"/>
						<line number="603" hits="0"/>
						<line number="604" hits="0"/>
						<line number="606" hits="0"/>
						<line number="609" hits="1"/>
						<line number="610" hits="1"/>
						<line number="611" hits="1"/>
						<line number="612" hits="1"/>
						<line number="615" hits="1"/>
						<line number="618" hits="1"/>
						<line number="619" hits="0"/>
						<line number="621" hits="0"/>
						<line number="622" hits="0"/>
						<line number="623" hits="0"/>
						<line number="624" hits="0"/>
						<line number="625" hits="0"/>
						<line number="626" hits="0"/>
						<line number="627" hits="0"/>
						<line number="629" hits="0"/>
						<line number="631" hits="0"/>
						<line number="635" hits="1"/>
						<line number="637" hits="1"/>
						<line number="638" hits="1"/>
						<line number="639" hits="1"/>
						<line number="640" hits="1"/>
						<line number="641" hits="1"/>
						<line number="642" hits="1"/>
						<line number="644" hits="1"/>
						<line number="647" hits="1"/>
						<line number="649" hits="0"/>
						<line number="653" hits="0"/>
						<line number="657" hits="0"/>
						<line number="661" hits="0"/>
						<line number="663" hits="0"/>
						<line number="664" hits="0"/>
						<line number="665" hits="0"/>
						<line number="668" hits="0"/>
						<line number="669" hits="0"/>
						<line number="670" hits="0"/>
						<line number="671" hits="0"/>
						<line number="672" hits="0"/>
						<line number="673" hits="0"/>
						<line number="674" hits="0"/>
						<line number="675" hits="0"/>
						<line number="677" hits="0"/>
						<line number="679" hits="0"/>
						<line number="680" hits="0"/>
						<line number="681" hits="0"/>
						<line number="685" hits="0"/>
						<line number="688" hits="0"/>
						<line number="691" hits="0"/>
						<line number="693" hits="0"/>
						<line number="696" hits="0"/>
						<line number="699" hits="0"/>
						<line number="702" hits="0"/>
						<line number="703" hits="0"/>
						<line number="704" hits="0"/>
						<line number="705" hits="0"/>
						<line number="706" hits="0"/>
						<line number="707" hits="0"/>
						<line number="708" hits="0"/>
						<line number="710" hits="0"/>
						<line number="711" hits="0"/>
						<line number="713" hits="0"/>
						<line number="715" hits="0"/>
						<line number="716" hits="0"/>
						<line number="717" hits="0"/>
						<line number="718" hits="0"/>
						<line number="719" hits="0"/>
						<line number="721" hits="0"/>
						<line number="723" hits="0"/>
						<line number="725" hits="0"/>
						<line number="726" hits="0"/>
						<line number="730" hits="0"/>
						<line number="731" hits="0"/>
						<line number="732" hits="0"/>
						<line number="733" hits="0"/>
						<line number="735" hits="0"/>
						<line number="739" hits="0"/>
						<line number="740" hits="0"/>
						<line number="741" hits="0"/>
						<line number="742" hits="0"/>
						<line number="744" hits="0"/>
						<line number="745" hits="0"/>
						<line number="746" hits="0"/>
						<line number="747" hits="0"/>
						<line number="748" hits="0"/>
						<line number="749" hits="0"/>
						<line number="750" hits="0"/>
						<line number="752" hits="0"/>
						<line number="753" hits="0"/>
						<line number="755" hits="0"/>
						<line number="757" hits="0"/>
						<line number="758" hits="0"/>
						<line number="760" hits="0"/>
						<line number="763" hits="1"/>
						<line number="778" hits="0"/>
						<line number="797" hits="0"/>
						<line number="799" hits="0"/>
						<line number="802" hits="1"/>
						<line number="808" hits="0"/>
						<line number="811" hits="0"/>
						<line number="813" hits="0"/>
						<line number="815" hits="0"/>
						<line number="834" hits="0"/>
						<line number="835" hits="0"/>
						<line number="837" hits="0"/>
						<line number="839" hits="0"/>
						<line number="840" hits="0"/>
						<line number="841" hits="0"/>
						<line number="843" hits="0"/>
						<line number="846" hits="1"/>
						<line number="848" hits="0"/>
						<line number="850" hits="0"/>
						<line number="852" hits="0"/>
						<line number="854" hits="0"/>
						<line number="855" hits="0"/>
						<line number="859" hits="0"/>
						<line number="860" hits="0"/>
						<line number="864" hits="0"/>
						<line number="866" hits="0"/>
						<line number="877" hits="0"/>
						<line number="889" hits="0"/>
						<line number="891" hits="0"/>
						<line number="892" hits="0"/>
						<line number="894" hits="0"/>
						<line number="895" hits="0"/>
						<line number="897" hits="0"/>
						<line number="898" hits="0"/>
						<line number="899" hits="0"/>
						<line number="900" hits="0"/>
						<line number="902" hits="0"/>
						<line number="903" hits="0"/>
						<line number="904" hits="0"/>
						<line number="905" hits="0"/>
						<line number="907" hits="0"/>
						<line number="908" hits="0"/>
						<line number="910" hits="0"/>
						<line number="911" hits="0"/>
						<line number="913" hits="0"/>
						<line number="914" hits="0"/>
						<line number="915" hits="0"/>
						<line number="916" hits="0"/>
						<line number="917" hits="0"/>
						<line number="919" hits="0"/>
						<line number="920" hits="0"/>
						<line number="921" hits="0"/>
						<line number="922" hits="0"/>
						<line number="924" hits="0"/>
						<line number="927" hits="1"/>
						<line number="928" hits="0"/>
						<line number="929" hits="0"/>
						<line number="930" hits="0"/>
						<line number="931" hits="0"/>
						<line number="932" hits="0"/>
						<line number="934" hits="0"/>
						<line number="935" hits="0"/>
						<line number="937" hits="0"/>
						<line number="938" hits="0"/>
					</lines>
				</class>
				<class name="utility.py" filename="utility.py" complexity="0" line-rate="0.514" branch-rate="0">
					<methods/>
					<lines>
						<line number="1" hits="1"/>
						<line number="2" hits="1"/>
						<line number="3" hits="1"/>
						<line number="4" hits="1"/>
						<line number="11" hits="1"/>
						<line number="16" hits="1"/>
						<line number="18" hits="1"/>
						<line number="19" hits="1"/>
						<line number="21" hits="1"/>
						<line number="22" hits="1"/>
						<line number="23" hits="1"/>
						<line number="24" hits="1"/>
						<line number="25" hits="1"/>
						<line number="26" hits="1"/>
						<line number="27" hits="1"/>
						<line number="29" hits="1"/>
						<line number="32" hits="1"/>
						<line number="48" hits="1"/>
						<line number="52" hits="1"/>
						<line number="53" hits="1"/>
						<line number="54" hits="1"/>
						<line number="55" hits="0"/>
						<line number="56" hits="1"/>
						<line number="60" hits="1"/>
						<line number="64" hits="1"/>
						<line number="66" hits="1"/>
						<line number="67" hits="1"/>
						<line number="69" hits="1"/>
						<line number="70" hits="1"/>
						<line number="72" hits="1"/>
						<line number="73" hits="1"/>
						<line number="75" hits="1"/>
						<line number="76" hits="1"/>
						<line number="78" hits="0"/>
						<line number="80" hits="0"/>
						<line number="81" hits="0"/>
						<line number="83" hits="0"/>
						<line number="84" hits="0"/>
						<line number="86" hits="0"/>
						<line number="87" hits="0"/>
						<line number="89" hits="0"/>
						<line number="90" hits="0"/>
						<line number="92" hits="1"/>
						<line number="95" hits="1"/>
						<line number="97" hits="0"/>
						<line number="99" hits="0"/>
						<line number="100" hits="0"/>
						<line number="101" hits="0"/>
						<line number="102" hits="0"/>
						<line number="103" hits="0"/>
						<line number="104" hits="0"/>
						<line number="105" hits="0"/>
						<line number="106" hits="0"/>
						<line number="107" hits="0"/>
						<line number="108" hits="0"/>
						<line number="110" hits="0"/>
						<line number="111" hits="0"/>
						<line number="113" hits="0"/>
						<line number="114" hits="0"/>
						<line number="116" hits="0"/>
						<line number="117" hits="0"/>
						<line number="121" hits="0"/>
						<line number="123" hits="0"/>
						<line number="126" hits="1"/>
						<line number="127" hits="0"/>
						<line number="130" hits="1"/>
						<line number="131" hits="0"/>
						<line number="134" hits="1"/>
						<line number="135" hits="0"/>
						<line number="138" hits="1"/>
						<line number="139" hits="0"/>
						<line number="142" hits="1"/>
						<line number="144" hits="1"/>
						<line number="146" hits="1"/>
						<line number="148" hits="1"/>
						<line number="150" hits="1"/>
						<line number="152" hits="0"/>
						<line number="153" hits="0"/>
						<line number="154" hits="0"/>
						<line number="155" hits="0"/>
						<line number="156" hits="0"/>
						<line number="157" hits="0"/>
						<line number="158" hits="0"/>
						<line number="159" hits="0"/>
						<line number="160" hits="0"/>
						<line number="161" hits="0"/>
						<line number="162" hits="0"/>
						<line number="163" hits="0"/>
						<line number="164" hits="0"/>
						<line number="165" hits="0"/>
						<line number="166" hits="0"/>
						<line number="167" hits="0"/>
						<line number="168" hits="0"/>
						<line number="169" hits="0"/>
						<line number="171" hits="0"/>
						<line number="174" hits="1"/>
						<line number="182" hits="1"/>
						<line number="183" hits="1"/>
						<line number="184" hits="1"/>
						<line number="185" hits="1"/>
						<line number="186" hits="1"/>
						<line number="187" hits="1"/>
						<line number="189" hits="1"/>
						<line number="195" hits="1"/>
						<line number="196" hits="1"/>
						<line number="197" hits="1"/>
						<line number="198" hits="1"/>
					</lines>
				</class>
			</classes>
		</package>
	</packages>
</coverage>
